<?xml version="1.0" encoding="UTF-8"?>
<!-- Generated by org.testng.reporters.JUnitReportReporter -->
<testsuite skipped="0" hostname="USABOS008152LT" name="com.guri.JenIntegration.AppTest" tests="1" failures="0" timestamp="08 Jun 2020 04:11:26 GMT" time="0.005" errors="0">
  <testcase name="firstTest" time="0.005" classname="com.guri.JenIntegration.AppTest"/>
</testsuite> <!-- com.guri.JenIntegration.AppTest -->
